2016-03-30 07:37:18 Error: Fatal Error (4): syntax error, unexpected 'fa' (T_STRING) in [C:\xampp\htdocs\nazareno_v2\app\View\Bautizos\index.ctp, line 19]
2016-03-30 07:37:18 Error: [FatalErrorException] syntax error, unexpected 'fa' (T_STRING)
Request URL: /nazareno_v2/bautizos/index/page:2
Stack Trace:
#0 C:\xampp\htdocs\nazareno_v2\lib\Cake\Error\ErrorHandler.php(184): ErrorHandler::handleFatalError(4, 'syntax error, u...', 'C:\\xampp\\htdocs...', 19)
#1 [internal function]: ErrorHandler::handleError(4, 'syntax error, u...', 'C:\\xampp\\htdocs...', 19, Array)
#2 C:\xampp\htdocs\nazareno_v2\lib\Cake\Core\App.php(927): call_user_func('ErrorHandler::h...', 4, 'syntax error, u...', 'C:\\xampp\\htdocs...', 19, Array)
#3 C:\xampp\htdocs\nazareno_v2\lib\Cake\Core\App.php(900): App::_checkFatalError()
#4 [internal function]: App::shutdown()
#5 {main}
2016-03-30 07:38:10 Error: Fatal Error (4): syntax error, unexpected 'fa' (T_STRING) in [C:\xampp\htdocs\nazareno_v2\app\View\Bautizos\index.ctp, line 19]
2016-03-30 07:38:10 Error: [FatalErrorException] syntax error, unexpected 'fa' (T_STRING)
Request URL: /nazareno_v2/bautizos/index/page:2
Stack Trace:
#0 C:\xampp\htdocs\nazareno_v2\lib\Cake\Error\ErrorHandler.php(184): ErrorHandler::handleFatalError(4, 'syntax error, u...', 'C:\\xampp\\htdocs...', 19)
#1 [internal function]: ErrorHandler::handleError(4, 'syntax error, u...', 'C:\\xampp\\htdocs...', 19, Array)
#2 C:\xampp\htdocs\nazareno_v2\lib\Cake\Core\App.php(927): call_user_func('ErrorHandler::h...', 4, 'syntax error, u...', 'C:\\xampp\\htdocs...', 19, Array)
#3 C:\xampp\htdocs\nazareno_v2\lib\Cake\Core\App.php(900): App::_checkFatalError()
#4 [internal function]: App::shutdown()
#5 {main}
2016-03-30 08:30:08 Error: [MissingViewException] View file "C:\xampp\htdocs\nazareno_v2\app\View\Bautizos\modificar.ctp" is missing.
Exception Attributes: array (
  'file' => 'C:\\xampp\\htdocs\\nazareno_v2\\app\\View\\Bautizos\\modificar.ctp',
)
Request URL: /nazareno_v2/bautizos/modificar/298
Stack Trace:
#0 C:\xampp\htdocs\nazareno_v2\lib\Cake\View\View.php(468): View->_getViewFileName(NULL)
#1 C:\xampp\htdocs\nazareno_v2\lib\Cake\Controller\Controller.php(948): View->render(NULL, NULL)
#2 C:\xampp\htdocs\nazareno_v2\lib\Cake\Routing\Dispatcher.php(194): Controller->render()
#3 C:\xampp\htdocs\nazareno_v2\lib\Cake\Routing\Dispatcher.php(162): Dispatcher->_invoke(Object(BautizosController), Object(CakeRequest), Object(CakeResponse))
#4 C:\xampp\htdocs\nazareno_v2\app\webroot\index.php(110): Dispatcher->dispatch(Object(CakeRequest), Object(CakeResponse))
#5 {main}
2016-04-13 07:24:09 Error: [MissingControllerException] Controller class CssController could not be found.
Exception Attributes: array (
  'class' => 'CssController',
  'plugin' => NULL,
)
Request URL: /nazareno_v2/css/bootstrap.min.css.map
Stack Trace:
#0 C:\xampp\htdocs\nazareno_v2\app\webroot\index.php(110): Dispatcher->dispatch(Object(CakeRequest), Object(CakeResponse))
#1 {main}
2016-04-13 07:28:49 Error: [MissingControllerException] Controller class CssController could not be found.
Exception Attributes: array (
  'class' => 'CssController',
  'plugin' => NULL,
)
Request URL: /nazareno_v2/css/bootstrap.min.css.map
Stack Trace:
#0 C:\xampp\htdocs\nazareno_v2\app\webroot\index.php(110): Dispatcher->dispatch(Object(CakeRequest), Object(CakeResponse))
#1 {main}
2016-04-13 07:29:59 Error: [MissingControllerException] Controller class CssController could not be found.
Exception Attributes: array (
  'class' => 'CssController',
  'plugin' => NULL,
)
Request URL: /nazareno_v2/css/bootstrap.min.css.map
Stack Trace:
#0 C:\xampp\htdocs\nazareno_v2\app\webroot\index.php(110): Dispatcher->dispatch(Object(CakeRequest), Object(CakeResponse))
#1 {main}
2016-04-13 07:31:03 Error: [MissingControllerException] Controller class CssController could not be found.
Exception Attributes: array (
  'class' => 'CssController',
  'plugin' => NULL,
)
Request URL: /nazareno_v2/css/bootstrap.min.css.map
Stack Trace:
#0 C:\xampp\htdocs\nazareno_v2\app\webroot\index.php(110): Dispatcher->dispatch(Object(CakeRequest), Object(CakeResponse))
#1 {main}
2016-04-13 07:33:42 Error: [MissingControllerException] Controller class CssController could not be found.
Exception Attributes: array (
  'class' => 'CssController',
  'plugin' => NULL,
)
Request URL: /nazareno_v2/css/bootstrap.min.css.map
Stack Trace:
#0 C:\xampp\htdocs\nazareno_v2\app\webroot\index.php(110): Dispatcher->dispatch(Object(CakeRequest), Object(CakeResponse))
#1 {main}
2016-04-13 07:36:45 Error: [MissingControllerException] Controller class CssController could not be found.
Exception Attributes: array (
  'class' => 'CssController',
  'plugin' => NULL,
)
Request URL: /nazareno_v2/css/bootstrap.min.css.map
Stack Trace:
#0 C:\xampp\htdocs\nazareno_v2\app\webroot\index.php(110): Dispatcher->dispatch(Object(CakeRequest), Object(CakeResponse))
#1 {main}
2016-04-13 07:38:06 Error: [MissingControllerException] Controller class CssController could not be found.
Exception Attributes: array (
  'class' => 'CssController',
  'plugin' => NULL,
)
Request URL: /nazareno_v2/css/bootstrap.min.css.map
Stack Trace:
#0 C:\xampp\htdocs\nazareno_v2\app\webroot\index.php(110): Dispatcher->dispatch(Object(CakeRequest), Object(CakeResponse))
#1 {main}
2016-04-13 07:48:24 Error: [MissingControllerException] Controller class CssController could not be found.
Exception Attributes: array (
  'class' => 'CssController',
  'plugin' => NULL,
)
Request URL: /nazareno_v2/css/bootstrap.min.css.map
Stack Trace:
#0 C:\xampp\htdocs\nazareno_v2\app\webroot\index.php(110): Dispatcher->dispatch(Object(CakeRequest), Object(CakeResponse))
#1 {main}
2016-04-13 07:48:28 Error: [MissingControllerException] Controller class CssController could not be found.
Exception Attributes: array (
  'class' => 'CssController',
  'plugin' => NULL,
)
Request URL: /nazareno_v2/css/bootstrap.min.css.map
Stack Trace:
#0 C:\xampp\htdocs\nazareno_v2\app\webroot\index.php(110): Dispatcher->dispatch(Object(CakeRequest), Object(CakeResponse))
#1 {main}
2016-04-13 07:49:52 Error: [MissingControllerException] Controller class CssController could not be found.
Exception Attributes: array (
  'class' => 'CssController',
  'plugin' => NULL,
)
Request URL: /nazareno_v2/css/bootstrap.min.css.map
Stack Trace:
#0 C:\xampp\htdocs\nazareno_v2\app\webroot\index.php(110): Dispatcher->dispatch(Object(CakeRequest), Object(CakeResponse))
#1 {main}
2016-04-13 08:38:58 Error: [MissingControllerException] Controller class CssController could not be found.
Exception Attributes: array (
  'class' => 'CssController',
  'plugin' => NULL,
)
Request URL: /nazareno_v2/css/bootstrap.min.css.map
Stack Trace:
#0 C:\xampp\htdocs\nazareno_v2\app\webroot\index.php(110): Dispatcher->dispatch(Object(CakeRequest), Object(CakeResponse))
#1 {main}
2016-04-13 09:02:05 Error: [PDOException] SQLSTATE[42S22]: Column not found: 1054 Unknown column 'Bautizos.nombres' in 'where clause'
Request URL: /nazareno_v2/bautizos
Stack Trace:
#0 C:\xampp\htdocs\nazareno_v2\lib\Cake\Model\Datasource\DboSource.php(460): PDOStatement->execute(Array)
#1 C:\xampp\htdocs\nazareno_v2\lib\Cake\Model\Datasource\DboSource.php(426): DboSource->_execute('SELECT `Bautizo...', Array)
#2 C:\xampp\htdocs\nazareno_v2\lib\Cake\Model\Datasource\DboSource.php(669): DboSource->execute('SELECT `Bautizo...', Array, Array)
#3 C:\xampp\htdocs\nazareno_v2\lib\Cake\Model\Datasource\DboSource.php(1080): DboSource->fetchAll('SELECT `Bautizo...', false)
#4 C:\xampp\htdocs\nazareno_v2\lib\Cake\Model\Model.php(2696): DboSource->read(Object(Bautizo), Array)
#5 C:\xampp\htdocs\nazareno_v2\lib\Cake\Controller\Component\PaginatorComponent.php(197): Model->find('all', Array)
#6 C:\xampp\htdocs\nazareno_v2\app\Controller\BautizosController.php(25): PaginatorComponent->paginate('Bautizo')
#7 [internal function]: BautizosController->index()
#8 C:\xampp\htdocs\nazareno_v2\lib\Cake\Controller\Controller.php(486): ReflectionMethod->invokeArgs(Object(BautizosController), Array)
#9 C:\xampp\htdocs\nazareno_v2\lib\Cake\Routing\Dispatcher.php(187): Controller->invokeAction(Object(CakeRequest))
#10 C:\xampp\htdocs\nazareno_v2\lib\Cake\Routing\Dispatcher.php(162): Dispatcher->_invoke(Object(BautizosController), Object(CakeRequest), Object(CakeResponse))
#11 C:\xampp\htdocs\nazareno_v2\app\webroot\index.php(110): Dispatcher->dispatch(Object(CakeRequest), Object(CakeResponse))
#12 {main}
2016-04-13 09:02:45 Error: [PDOException] SQLSTATE[42S22]: Column not found: 1054 Unknown column 'bautizos.nombres' in 'where clause'
Request URL: /nazareno_v2/bautizos
Stack Trace:
#0 C:\xampp\htdocs\nazareno_v2\lib\Cake\Model\Datasource\DboSource.php(460): PDOStatement->execute(Array)
#1 C:\xampp\htdocs\nazareno_v2\lib\Cake\Model\Datasource\DboSource.php(426): DboSource->_execute('SELECT `Bautizo...', Array)
#2 C:\xampp\htdocs\nazareno_v2\lib\Cake\Model\Datasource\DboSource.php(669): DboSource->execute('SELECT `Bautizo...', Array, Array)
#3 C:\xampp\htdocs\nazareno_v2\lib\Cake\Model\Datasource\DboSource.php(1080): DboSource->fetchAll('SELECT `Bautizo...', false)
#4 C:\xampp\htdocs\nazareno_v2\lib\Cake\Model\Model.php(2696): DboSource->read(Object(Bautizo), Array)
#5 C:\xampp\htdocs\nazareno_v2\lib\Cake\Controller\Component\PaginatorComponent.php(197): Model->find('all', Array)
#6 C:\xampp\htdocs\nazareno_v2\app\Controller\BautizosController.php(25): PaginatorComponent->paginate('Bautizo')
#7 [internal function]: BautizosController->index()
#8 C:\xampp\htdocs\nazareno_v2\lib\Cake\Controller\Controller.php(486): ReflectionMethod->invokeArgs(Object(BautizosController), Array)
#9 C:\xampp\htdocs\nazareno_v2\lib\Cake\Routing\Dispatcher.php(187): Controller->invokeAction(Object(CakeRequest))
#10 C:\xampp\htdocs\nazareno_v2\lib\Cake\Routing\Dispatcher.php(162): Dispatcher->_invoke(Object(BautizosController), Object(CakeRequest), Object(CakeResponse))
#11 C:\xampp\htdocs\nazareno_v2\app\webroot\index.php(110): Dispatcher->dispatch(Object(CakeRequest), Object(CakeResponse))
#12 {main}
